<?xml version="1.0" encoding="UTF-8"?>
<coverage generated="1681166702822" clover="3.2.0">
  <project timestamp="1681166702822" name="All files">
    <metrics statements="21" coveredstatements="21" conditionals="16" coveredconditionals="14" methods="4" coveredmethods="4" elements="41" coveredelements="39" complexity="0" loc="21" ncloc="21" packages="1" files="2" classes="2"/>
    <file name="helpers.ts" path="/Users/jdh/Documents/repos/bracketeer/src/util/helpers.ts">
      <metrics statements="11" coveredstatements="11" conditionals="10" coveredconditionals="8" methods="2" coveredmethods="2"/>
      <line num="5" count="1" type="stmt"/>
      <line num="7" count="9" type="cond" truecount="1" falsecount="0"/>
      <line num="8" count="7" type="stmt"/>
      <line num="13" count="1" type="stmt"/>
      <line num="14" count="22" type="stmt"/>
      <line num="15" count="22" type="cond" truecount="1" falsecount="0"/>
      <line num="16" count="22" type="cond" truecount="2" falsecount="1"/>
      <line num="17" count="22" type="cond" truecount="2" falsecount="1"/>
      <line num="18" count="22" type="cond" truecount="1" falsecount="0"/>
      <line num="19" count="22" type="cond" truecount="1" falsecount="0"/>
      <line num="20" count="22" type="stmt"/>
    </file>
    <file name="makeTree.ts" path="/Users/jdh/Documents/repos/bracketeer/src/util/makeTree.ts">
      <metrics statements="10" coveredstatements="10" conditionals="6" coveredconditionals="6" methods="2" coveredmethods="2"/>
      <line num="7" count="1" type="stmt"/>
      <line num="11" count="22" type="cond" truecount="2" falsecount="0"/>
      <line num="14" count="22" type="cond" truecount="2" falsecount="0"/>
      <line num="18" count="22" type="cond" truecount="2" falsecount="0"/>
      <line num="22" count="22" type="stmt"/>
      <line num="29" count="22" type="stmt"/>
      <line num="33" count="1" type="stmt"/>
      <line num="36" count="2" type="stmt"/>
      <line num="37" count="2" type="stmt"/>
      <line num="42" count="1" type="stmt"/>
    </file>
  </project>
</coverage>
