<?xml version="1.0" encoding="UTF-8"?>
<coverage generated="1682561564500" clover="3.2.0">
  <project timestamp="1682561564500" name="All files">
    <metrics statements="33" coveredstatements="29" conditionals="21" coveredconditionals="16" methods="6" coveredmethods="5" elements="60" coveredelements="50" complexity="0" loc="33" ncloc="33" packages="1" files="2" classes="2"/>
    <file name="helpers.ts" path="/Users/jdh/Documents/repos/bracketeer/src/util/helpers.ts">
      <metrics statements="11" coveredstatements="11" conditionals="10" coveredconditionals="8" methods="2" coveredmethods="2"/>
      <line num="5" count="1" type="stmt"/>
      <line num="7" count="9" type="cond" truecount="1" falsecount="0"/>
      <line num="8" count="7" type="stmt"/>
      <line num="13" count="1" type="stmt"/>
      <line num="14" count="22" type="stmt"/>
      <line num="15" count="22" type="cond" truecount="1" falsecount="0"/>
      <line num="16" count="22" type="cond" truecount="2" falsecount="1"/>
      <line num="17" count="22" type="cond" truecount="2" falsecount="1"/>
      <line num="18" count="22" type="cond" truecount="1" falsecount="0"/>
      <line num="19" count="22" type="cond" truecount="1" falsecount="0"/>
      <line num="20" count="22" type="stmt"/>
    </file>
    <file name="makeTree.ts" path="/Users/jdh/Documents/repos/bracketeer/src/util/makeTree.ts">
      <metrics statements="22" coveredstatements="18" conditionals="11" coveredconditionals="8" methods="4" coveredmethods="3"/>
      <line num="7" count="1" type="stmt"/>
      <line num="11" count="37" type="cond" truecount="2" falsecount="0"/>
      <line num="14" count="37" type="cond" truecount="2" falsecount="0"/>
      <line num="18" count="37" type="cond" truecount="2" falsecount="0"/>
      <line num="22" count="37" type="stmt"/>
      <line num="29" count="37" type="stmt"/>
      <line num="96" count="1" type="stmt"/>
      <line num="98" count="3" type="stmt"/>
      <line num="101" count="3" type="stmt"/>
      <line num="102" count="3" type="stmt"/>
      <line num="105" count="1" type="stmt"/>
      <line num="107" count="1" type="stmt"/>
      <line num="108" count="0" type="stmt"/>
      <line num="109" count="0" type="stmt"/>
      <line num="124" count="1" type="stmt"/>
      <line num="129" count="1" type="cond" truecount="1" falsecount="1"/>
      <line num="130" count="1" type="stmt"/>
      <line num="132" count="0" type="cond" truecount="0" falsecount="1"/>
      <line num="133" count="0" type="cond" truecount="0" falsecount="1"/>
      <line num="135" count="1" type="stmt"/>
      <line num="138" count="1" type="stmt"/>
      <line num="139" count="1" type="stmt"/>
    </file>
  </project>
</coverage>
