{"/Users/jdh/Documents/repos/bracketeer/src/util/helpers.ts": {"path":"/Users/jdh/Documents/repos/bracketeer/src/util/helpers.ts","statementMap":{"0":{"start":{"line":7,"column":2},"end":{"line":7,"column":77}},"1":{"start":{"line":6,"column":0},"end":{"line":6,"column":16}},"2":{"start":{"line":14,"column":13},"end":{"line":19,"column":2}},"3":{"start":{"line":16,"column":4},"end":{"line":16,"column":24}},"4":{"start":{"line":16,"column":15},"end":{"line":16,"column":24}},"5":{"start":{"line":17,"column":4},"end":{"line":17,"column":45}},"6":{"start":{"line":23,"column":2},"end":{"line":23,"column":20}},"7":{"start":{"line":24,"column":2},"end":{"line":30,"column":null}},"8":{"start":{"line":25,"column":4},"end":{"line":25,"column":72}},"9":{"start":{"line":25,"column":59},"end":{"line":25,"column":72}},"10":{"start":{"line":26,"column":4},"end":{"line":26,"column":76}},"11":{"start":{"line":26,"column":63},"end":{"line":26,"column":76}},"12":{"start":{"line":27,"column":4},"end":{"line":27,"column":40}},"13":{"start":{"line":27,"column":19},"end":{"line":27,"column":40}},"14":{"start":{"line":28,"column":4},"end":{"line":28,"column":42}},"15":{"start":{"line":28,"column":20},"end":{"line":28,"column":42}},"16":{"start":{"line":29,"column":4},"end":{"line":29,"column":16}},"17":{"start":{"line":22,"column":0},"end":{"line":22,"column":16}}},"fnMap":{"0":{"name":"maxDepth","decl":{"start":{"line":6,"column":16},"end":{"line":6,"column":24}},"loc":{"start":{"line":6,"column":49},"end":{"line":8,"column":1}}},"1":{"name":"(anonymous_1)","decl":{"start":{"line":15,"column":9},"end":{"line":15,"column":10}},"loc":{"start":{"line":15,"column":18},"end":{"line":18,"column":3}}},"2":{"name":"propCheck","decl":{"start":{"line":22,"column":16},"end":{"line":22,"column":25}},"loc":{"start":{"line":22,"column":50},"end":{"line":31,"column":1}}}},"branchMap":{"0":{"loc":{"start":{"line":7,"column":9},"end":{"line":7,"column":76}},"type":"cond-expr","locations":[{"start":{"line":7,"column":17},"end":{"line":7,"column":18}},{"start":{"line":7,"column":21},"end":{"line":7,"column":76}}]},"1":{"loc":{"start":{"line":16,"column":4},"end":{"line":16,"column":24}},"type":"if","locations":[{"start":{"line":16,"column":4},"end":{"line":16,"column":24}}]},"2":{"loc":{"start":{"line":24,"column":2},"end":{"line":30,"column":null}},"type":"if","locations":[{"start":{"line":24,"column":2},"end":{"line":30,"column":null}}]},"3":{"loc":{"start":{"line":25,"column":4},"end":{"line":25,"column":72}},"type":"if","locations":[{"start":{"line":25,"column":4},"end":{"line":25,"column":72}}]},"4":{"loc":{"start":{"line":25,"column":8},"end":{"line":25,"column":57}},"type":"binary-expr","locations":[{"start":{"line":25,"column":8},"end":{"line":25,"column":37}},{"start":{"line":25,"column":41},"end":{"line":25,"column":57}}]},"5":{"loc":{"start":{"line":26,"column":4},"end":{"line":26,"column":76}},"type":"if","locations":[{"start":{"line":26,"column":4},"end":{"line":26,"column":76}}]},"6":{"loc":{"start":{"line":26,"column":8},"end":{"line":26,"column":61}},"type":"binary-expr","locations":[{"start":{"line":26,"column":8},"end":{"line":26,"column":43}},{"start":{"line":26,"column":47},"end":{"line":26,"column":61}}]},"7":{"loc":{"start":{"line":27,"column":4},"end":{"line":27,"column":40}},"type":"if","locations":[{"start":{"line":27,"column":4},"end":{"line":27,"column":40}}]},"8":{"loc":{"start":{"line":28,"column":4},"end":{"line":28,"column":42}},"type":"if","locations":[{"start":{"line":28,"column":4},"end":{"line":28,"column":42}}]}},"s":{"0":0,"1":1,"2":1,"3":9,"4":2,"5":7,"6":22,"7":22,"8":22,"9":0,"10":22,"11":0,"12":22,"13":10,"14":22,"15":10,"16":22,"17":1},"f":{"0":0,"1":9,"2":22},"b":{"0":[0,0],"1":[2],"2":[22],"3":[0],"4":[22,10],"5":[0],"6":[22,12],"7":[10],"8":[10]}}
,"/Users/jdh/Documents/repos/bracketeer/src/util/makeTree.ts": {"path":"/Users/jdh/Documents/repos/bracketeer/src/util/makeTree.ts","statementMap":{"0":{"start":{"line":4,"column":27},"end":{"line":28,"column":2}},"1":{"start":{"line":8,"column":6},"end":{"line":8,"column":52}},"2":{"start":{"line":11,"column":6},"end":{"line":13,"column":64}},"3":{"start":{"line":15,"column":6},"end":{"line":17,"column":64}},"4":{"start":{"line":19,"column":34},"end":{"line":25,"column":6}},"5":{"start":{"line":26,"column":4},"end":{"line":26,"column":20}},"6":{"start":{"line":30,"column":20},"end":{"line":35,"column":1}},"7":{"start":{"line":33,"column":15},"end":{"line":33,"column":60}},"8":{"start":{"line":34,"column":2},"end":{"line":34,"column":61}},"9":{"start":{"line":37,"column":0},"end":{"line":37,"column":58}},"10":{"start":{"line":58,"column":0},"end":{"line":58,"column":27}}},"fnMap":{"0":{"name":"(anonymous_0)","decl":{"start":{"line":5,"column":15},"end":{"line":5,"column":16}},"loc":{"start":{"line":5,"column":63},"end":{"line":27,"column":3}}},"1":{"name":"(anonymous_1)","decl":{"start":{"line":30,"column":20},"end":{"line":30,"column":21}},"loc":{"start":{"line":30,"column":46},"end":{"line":35,"column":1}}}},"branchMap":{"0":{"loc":{"start":{"line":8,"column":6},"end":{"line":8,"column":52}},"type":"cond-expr","locations":[{"start":{"line":8,"column":20},"end":{"line":8,"column":40}},{"start":{"line":8,"column":43},"end":{"line":8,"column":52}}]},"1":{"loc":{"start":{"line":11,"column":6},"end":{"line":13,"column":64}},"type":"cond-expr","locations":[{"start":{"line":12,"column":10},"end":{"line":12,"column":14}},{"start":{"line":13,"column":10},"end":{"line":13,"column":64}}]},"2":{"loc":{"start":{"line":15,"column":6},"end":{"line":17,"column":64}},"type":"cond-expr","locations":[{"start":{"line":16,"column":10},"end":{"line":16,"column":14}},{"start":{"line":17,"column":10},"end":{"line":17,"column":64}}]}},"s":{"0":1,"1":29,"2":29,"3":29,"4":29,"5":29,"6":1,"7":3,"8":3,"9":1,"10":1},"f":{"0":29,"1":3},"b":{"0":[16,13],"1":[16,13],"2":[16,13]}}
}
