{"/Users/jdh/Documents/repos/bracketeer/src/util/helpers.ts": {"path":"/Users/jdh/Documents/repos/bracketeer/src/util/helpers.ts","statementMap":{"0":{"start":{"line":2,"column":0},"end":{"line":2,"column":52}},"1":{"start":{"line":10,"column":2},"end":{"line":10,"column":22}},"2":{"start":{"line":10,"column":13},"end":{"line":10,"column":22}},"3":{"start":{"line":11,"column":2},"end":{"line":11,"column":39}},"4":{"start":{"line":9,"column":0},"end":{"line":9,"column":16}},"5":{"start":{"line":16,"column":2},"end":{"line":16,"column":20}},"6":{"start":{"line":17,"column":2},"end":{"line":23,"column":null}},"7":{"start":{"line":18,"column":4},"end":{"line":18,"column":72}},"8":{"start":{"line":18,"column":59},"end":{"line":18,"column":72}},"9":{"start":{"line":19,"column":4},"end":{"line":19,"column":76}},"10":{"start":{"line":19,"column":63},"end":{"line":19,"column":76}},"11":{"start":{"line":20,"column":4},"end":{"line":20,"column":40}},"12":{"start":{"line":20,"column":19},"end":{"line":20,"column":40}},"13":{"start":{"line":21,"column":4},"end":{"line":21,"column":42}},"14":{"start":{"line":21,"column":20},"end":{"line":21,"column":42}},"15":{"start":{"line":22,"column":4},"end":{"line":22,"column":16}},"16":{"start":{"line":15,"column":0},"end":{"line":15,"column":16}}},"fnMap":{"0":{"name":"depth","decl":{"start":{"line":9,"column":16},"end":{"line":9,"column":21}},"loc":{"start":{"line":9,"column":46},"end":{"line":12,"column":1}}},"1":{"name":"propCheck","decl":{"start":{"line":15,"column":16},"end":{"line":15,"column":25}},"loc":{"start":{"line":15,"column":50},"end":{"line":24,"column":1}}}},"branchMap":{"0":{"loc":{"start":{"line":10,"column":2},"end":{"line":10,"column":22}},"type":"if","locations":[{"start":{"line":10,"column":2},"end":{"line":10,"column":22}}]},"1":{"loc":{"start":{"line":17,"column":2},"end":{"line":23,"column":null}},"type":"if","locations":[{"start":{"line":17,"column":2},"end":{"line":23,"column":null}}]},"2":{"loc":{"start":{"line":18,"column":4},"end":{"line":18,"column":72}},"type":"if","locations":[{"start":{"line":18,"column":4},"end":{"line":18,"column":72}}]},"3":{"loc":{"start":{"line":18,"column":8},"end":{"line":18,"column":57}},"type":"binary-expr","locations":[{"start":{"line":18,"column":8},"end":{"line":18,"column":37}},{"start":{"line":18,"column":41},"end":{"line":18,"column":57}}]},"4":{"loc":{"start":{"line":19,"column":4},"end":{"line":19,"column":76}},"type":"if","locations":[{"start":{"line":19,"column":4},"end":{"line":19,"column":76}}]},"5":{"loc":{"start":{"line":19,"column":8},"end":{"line":19,"column":61}},"type":"binary-expr","locations":[{"start":{"line":19,"column":8},"end":{"line":19,"column":43}},{"start":{"line":19,"column":47},"end":{"line":19,"column":61}}]},"6":{"loc":{"start":{"line":20,"column":4},"end":{"line":20,"column":40}},"type":"if","locations":[{"start":{"line":20,"column":4},"end":{"line":20,"column":40}}]},"7":{"loc":{"start":{"line":21,"column":4},"end":{"line":21,"column":42}},"type":"if","locations":[{"start":{"line":21,"column":4},"end":{"line":21,"column":42}}]}},"s":{"0":1,"1":4,"2":1,"3":3,"4":1,"5":0,"6":0,"7":0,"8":0,"9":0,"10":0,"11":0,"12":0,"13":0,"14":0,"15":0,"16":1},"f":{"0":4,"1":0},"b":{"0":[1],"1":[0],"2":[0],"3":[0,0],"4":[0],"5":[0,0],"6":[0],"7":[0]}}
,"/Users/jdh/Documents/repos/bracketeer/src/util/makeTree.ts": {"path":"/Users/jdh/Documents/repos/bracketeer/src/util/makeTree.ts","statementMap":{"0":{"start":{"line":4,"column":20},"end":{"line":22,"column":1}},"1":{"start":{"line":7,"column":4},"end":{"line":7,"column":50}},"2":{"start":{"line":10,"column":4},"end":{"line":10,"column":60}},"3":{"start":{"line":12,"column":4},"end":{"line":12,"column":60}},"4":{"start":{"line":14,"column":32},"end":{"line":20,"column":4}},"5":{"start":{"line":21,"column":2},"end":{"line":21,"column":18}},"6":{"start":{"line":24,"column":20},"end":{"line":29,"column":1}},"7":{"start":{"line":27,"column":15},"end":{"line":27,"column":60}},"8":{"start":{"line":28,"column":2},"end":{"line":28,"column":42}},"9":{"start":{"line":31,"column":0},"end":{"line":31,"column":58}},"10":{"start":{"line":34,"column":2},"end":{"line":34,"column":20}},"11":{"start":{"line":35,"column":2},"end":{"line":41,"column":null}},"12":{"start":{"line":36,"column":4},"end":{"line":36,"column":72}},"13":{"start":{"line":36,"column":59},"end":{"line":36,"column":72}},"14":{"start":{"line":37,"column":4},"end":{"line":37,"column":76}},"15":{"start":{"line":37,"column":63},"end":{"line":37,"column":76}},"16":{"start":{"line":38,"column":4},"end":{"line":38,"column":40}},"17":{"start":{"line":38,"column":19},"end":{"line":38,"column":40}},"18":{"start":{"line":39,"column":4},"end":{"line":39,"column":42}},"19":{"start":{"line":39,"column":20},"end":{"line":39,"column":42}},"20":{"start":{"line":40,"column":4},"end":{"line":40,"column":16}},"21":{"start":{"line":45,"column":2},"end":{"line":45,"column":22}},"22":{"start":{"line":45,"column":13},"end":{"line":45,"column":22}},"23":{"start":{"line":46,"column":2},"end":{"line":46,"column":30}},"24":{"start":{"line":49,"column":13},"end":{"line":49,"column":57}},"25":{"start":{"line":51,"column":0},"end":{"line":51,"column":29}},"26":{"start":{"line":52,"column":0},"end":{"line":52,"column":25}},"27":{"start":{"line":54,"column":0},"end":{"line":54,"column":27}}},"fnMap":{"0":{"name":"(anonymous_0)","decl":{"start":{"line":4,"column":20},"end":{"line":4,"column":21}},"loc":{"start":{"line":4,"column":68},"end":{"line":22,"column":1}}},"1":{"name":"(anonymous_1)","decl":{"start":{"line":24,"column":20},"end":{"line":24,"column":21}},"loc":{"start":{"line":24,"column":46},"end":{"line":29,"column":1}}},"2":{"name":"propCheck","decl":{"start":{"line":33,"column":9},"end":{"line":33,"column":18}},"loc":{"start":{"line":33,"column":43},"end":{"line":42,"column":1}}},"3":{"name":"depth","decl":{"start":{"line":44,"column":9},"end":{"line":44,"column":14}},"loc":{"start":{"line":44,"column":39},"end":{"line":47,"column":1}}}},"branchMap":{"0":{"loc":{"start":{"line":7,"column":4},"end":{"line":7,"column":50}},"type":"cond-expr","locations":[{"start":{"line":7,"column":18},"end":{"line":7,"column":38}},{"start":{"line":7,"column":41},"end":{"line":7,"column":50}}]},"1":{"loc":{"start":{"line":10,"column":4},"end":{"line":10,"column":60}},"type":"cond-expr","locations":[{"start":{"line":10,"column":18},"end":{"line":10,"column":22}},{"start":{"line":10,"column":25},"end":{"line":10,"column":60}}]},"2":{"loc":{"start":{"line":12,"column":4},"end":{"line":12,"column":60}},"type":"cond-expr","locations":[{"start":{"line":12,"column":18},"end":{"line":12,"column":22}},{"start":{"line":12,"column":25},"end":{"line":12,"column":60}}]},"3":{"loc":{"start":{"line":35,"column":2},"end":{"line":41,"column":null}},"type":"if","locations":[{"start":{"line":35,"column":2},"end":{"line":41,"column":null}}]},"4":{"loc":{"start":{"line":36,"column":4},"end":{"line":36,"column":72}},"type":"if","locations":[{"start":{"line":36,"column":4},"end":{"line":36,"column":72}}]},"5":{"loc":{"start":{"line":36,"column":8},"end":{"line":36,"column":57}},"type":"binary-expr","locations":[{"start":{"line":36,"column":8},"end":{"line":36,"column":37}},{"start":{"line":36,"column":41},"end":{"line":36,"column":57}}]},"6":{"loc":{"start":{"line":37,"column":4},"end":{"line":37,"column":76}},"type":"if","locations":[{"start":{"line":37,"column":4},"end":{"line":37,"column":76}}]},"7":{"loc":{"start":{"line":37,"column":8},"end":{"line":37,"column":61}},"type":"binary-expr","locations":[{"start":{"line":37,"column":8},"end":{"line":37,"column":43}},{"start":{"line":37,"column":47},"end":{"line":37,"column":61}}]},"8":{"loc":{"start":{"line":38,"column":4},"end":{"line":38,"column":40}},"type":"if","locations":[{"start":{"line":38,"column":4},"end":{"line":38,"column":40}}]},"9":{"loc":{"start":{"line":39,"column":4},"end":{"line":39,"column":42}},"type":"if","locations":[{"start":{"line":39,"column":4},"end":{"line":39,"column":42}}]},"10":{"loc":{"start":{"line":45,"column":2},"end":{"line":45,"column":22}},"type":"if","locations":[{"start":{"line":45,"column":2},"end":{"line":45,"column":22}}]}},"s":{"0":1,"1":11786,"2":11786,"3":36,"4":36,"5":36,"6":1,"7":6,"8":6,"9":1,"10":7,"11":7,"12":7,"13":0,"14":7,"15":0,"16":7,"17":3,"18":7,"19":3,"20":7,"21":4,"22":1,"23":3,"24":1,"25":1,"26":1,"27":1},"f":{"0":11786,"1":6,"2":7,"3":4},"b":{"0":[20,11766],"1":[20,11766],"2":[20,16],"3":[7],"4":[0],"5":[7,3],"6":[0],"7":[7,4],"8":[3],"9":[3],"10":[1]}}
}
