TN:
SF:src/util/helpers.ts
FN:6,maxDepth
FN:15,(anonymous_1)
FN:22,propCheck
FNF:3
FNH:2
FNDA:0,maxDepth
FNDA:9,(anonymous_1)
FNDA:22,propCheck
DA:6,1
DA:7,0
DA:14,1
DA:16,9
DA:17,7
DA:22,1
DA:23,22
DA:24,22
DA:25,22
DA:26,22
DA:27,22
DA:28,22
DA:29,22
LF:13
LH:12
BRDA:7,0,0,0
BRDA:7,0,1,0
BRDA:16,1,0,2
BRDA:24,2,0,22
BRDA:25,3,0,0
BRDA:25,4,0,22
BRDA:25,4,1,10
BRDA:26,5,0,0
BRDA:26,6,0,22
BRDA:26,6,1,12
BRDA:27,7,0,10
BRDA:28,8,0,10
BRF:12
BRH:8
end_of_record
TN:
SF:src/util/makeTree.ts
FN:5,(anonymous_0)
FN:30,(anonymous_1)
FNF:2
FNH:2
FNDA:29,(anonymous_0)
FNDA:3,(anonymous_1)
DA:4,1
DA:8,29
DA:11,29
DA:15,29
DA:19,29
DA:26,29
DA:30,1
DA:33,3
DA:34,3
DA:37,1
DA:58,1
LF:11
LH:11
BRDA:8,0,0,16
BRDA:8,0,1,13
BRDA:11,1,0,16
BRDA:11,1,1,13
BRDA:15,2,0,16
BRDA:15,2,1,13
BRF:6
BRH:6
end_of_record
