TN:
SF:src/util/helpers.ts
FN:6,(anonymous_0)
FN:13,propCheck
FNF:2
FNH:2
FNDA:9,(anonymous_0)
FNDA:22,propCheck
DA:5,1
DA:7,9
DA:8,7
DA:13,1
DA:14,22
DA:15,22
DA:16,22
DA:17,22
DA:18,22
DA:19,22
DA:20,22
LF:11
LH:11
BRDA:7,0,0,2
BRDA:15,1,0,22
BRDA:16,2,0,0
BRDA:16,3,0,22
BRDA:16,3,1,10
BRDA:17,4,0,0
BRDA:17,5,0,22
BRDA:17,5,1,12
BRDA:18,6,0,10
BRDA:19,7,0,10
BRF:10
BRH:8
end_of_record
TN:
SF:src/util/makeTree.ts
FN:8,(anonymous_0)
FN:33,(anonymous_1)
FNF:2
FNH:2
FNDA:22,(anonymous_0)
FNDA:2,(anonymous_1)
DA:7,1
DA:11,22
DA:14,22
DA:18,22
DA:22,22
DA:29,22
DA:33,1
DA:36,2
DA:37,2
DA:42,1
LF:10
LH:10
BRDA:11,0,0,12
BRDA:11,0,1,10
BRDA:14,1,0,12
BRDA:14,1,1,10
BRDA:18,2,0,12
BRDA:18,2,1,10
BRF:6
BRH:6
end_of_record
